TN:
SF:/mnt/c/Users/KIIT/desktop/unit-test-generator/controllers/AuthController.cc
FN:30,validateUser
FNDA:0,validateUser
FNF:1
FNH:0
DA:45,0
DA:46,0
DA:47,0
DA:50,5
DA:52,5
DA:54,5
LF:6
LH:3
BRDA:45,0,0,0
BRDA:45,0,1,-
BRF:2
BRH:1
end_of_record

TN:
SF:/mnt/c/Users/KIIT/desktop/unit-test-generator/models/Department.cc
FN:12,setBudget
FNDA:4,setBudget
FNF:1
FNH:1
DA:12,4
DA:13,4
DA:15,4
LF:3
LH:3
BRDA:13,0,0,1
BRDA:13,0,1,1
BRF:2
BRH:2
end_of_record

TN:
SF:/mnt/c/Users/KIIT/desktop/unit-test-generator/controllers/JobsController.cc
FN:22,updateJob
FNDA:2,updateJob
FNF:1
FNH:1
DA:25,2
DA:26,2
DA:27,0
LF:3
LH:2
BRDA:27,0,0,0
BRDA:27,0,1,-
BRF:2
BRH:1
end_of_record
